Determining if the pthread_create exist failed with the following output:
Change Dir: /home/tianz/catkin_ws_tianz/src/mpu_calculation/build/CMakeFiles/CMakeTmp

Run Build Command:"/usr/bin/make" "cmTryCompileExec1677121555/fast"
/usr/bin/make -f CMakeFiles/cmTryCompileExec1677121555.dir/build.make CMakeFiles/cmTryCompileExec1677121555.dir/build
make[1]: Entering directory `/home/tianz/catkin_ws_tianz/src/mpu_calculation/build/CMakeFiles/CMakeTmp'
/usr/bin/cmake -E cmake_progress_report /home/tianz/catkin_ws_tianz/src/mpu_calculation/build/CMakeFiles/CMakeTmp/CMakeFiles 1
Building C object CMakeFiles/cmTryCompileExec1677121555.dir/CheckSymbolExists.c.o
/usr/bin/cc    -o CMakeFiles/cmTryCompileExec1677121555.dir/CheckSymbolExists.c.o   -c /home/tianz/catkin_ws_tianz/src/mpu_calculation/build/CMakeFiles/CMakeTmp/CheckSymbolExists.c
Linking C executable cmTryCompileExec1677121555
/usr/bin/cmake -E cmake_link_script CMakeFiles/cmTryCompileExec1677121555.dir/link.txt --verbose=1
/usr/bin/cc       CMakeFiles/cmTryCompileExec1677121555.dir/CheckSymbolExists.c.o  -o cmTryCompileExec1677121555 -rdynamic 
CMakeFiles/cmTryCompileExec1677121555.dir/CheckSymbolExists.c.o: In function `main':
CheckSymbolExists.c:(.text+0x16): undefined reference to `pthread_create'
collect2: error: ld returned 1 exit status
make[1]: *** [cmTryCompileExec1677121555] Error 1
make[1]: Leaving directory `/home/tianz/catkin_ws_tianz/src/mpu_calculation/build/CMakeFiles/CMakeTmp'
make: *** [cmTryCompileExec1677121555/fast] Error 2

File /home/tianz/catkin_ws_tianz/src/mpu_calculation/build/CMakeFiles/CMakeTmp/CheckSymbolExists.c:
/* */
#include <pthread.h>

int main(int argc, char** argv)
{
  (void)argv;
#ifndef pthread_create
  return ((int*)(&pthread_create))[argc];
#else
  (void)argc;
  return 0;
#endif
}

Determining if the function pthread_create exists in the pthreads failed with the following output:
Change Dir: /home/tianz/catkin_ws_tianz/src/mpu_calculation/build/CMakeFiles/CMakeTmp

Run Build Command:"/usr/bin/make" "cmTryCompileExec332692392/fast"
/usr/bin/make -f CMakeFiles/cmTryCompileExec332692392.dir/build.make CMakeFiles/cmTryCompileExec332692392.dir/build
make[1]: Entering directory `/home/tianz/catkin_ws_tianz/src/mpu_calculation/build/CMakeFiles/CMakeTmp'
/usr/bin/cmake -E cmake_progress_report /home/tianz/catkin_ws_tianz/src/mpu_calculation/build/CMakeFiles/CMakeTmp/CMakeFiles 1
Building C object CMakeFiles/cmTryCompileExec332692392.dir/CheckFunctionExists.c.o
/usr/bin/cc   -DCHECK_FUNCTION_EXISTS=pthread_create   -o CMakeFiles/cmTryCompileExec332692392.dir/CheckFunctionExists.c.o   -c /usr/share/cmake-3.2/Modules/CheckFunctionExists.c
Linking C executable cmTryCompileExec332692392
/usr/bin/cmake -E cmake_link_script CMakeFiles/cmTryCompileExec332692392.dir/link.txt --verbose=1
/usr/bin/cc   -DCHECK_FUNCTION_EXISTS=pthread_create    CMakeFiles/cmTryCompileExec332692392.dir/CheckFunctionExists.c.o  -o cmTryCompileExec332692392 -rdynamic -lpthreads 
/usr/bin/ld: cannot find -lpthreads
collect2: error: ld returned 1 exit status
make[1]: *** [cmTryCompileExec332692392] Error 1
make[1]: Leaving directory `/home/tianz/catkin_ws_tianz/src/mpu_calculation/build/CMakeFiles/CMakeTmp'
make: *** [cmTryCompileExec332692392/fast] Error 2


