Determining if the pthread_create exist failed with the following output:
Change Dir: /home/saodiseng/workspace/LineLidar/build/CMakeFiles/CMakeTmp

Run Build Command:"/usr/bin/make" "cmTryCompileExec1637092696/fast"
/usr/bin/make -f CMakeFiles/cmTryCompileExec1637092696.dir/build.make CMakeFiles/cmTryCompileExec1637092696.dir/build
make[1]: Entering directory `/home/saodiseng/workspace/LineLidar/build/CMakeFiles/CMakeTmp'
/usr/bin/cmake -E cmake_progress_report /home/saodiseng/workspace/LineLidar/build/CMakeFiles/CMakeTmp/CMakeFiles 1
Building C object CMakeFiles/cmTryCompileExec1637092696.dir/CheckSymbolExists.c.o
/usr/bin/cc    -o CMakeFiles/cmTryCompileExec1637092696.dir/CheckSymbolExists.c.o   -c /home/saodiseng/workspace/LineLidar/build/CMakeFiles/CMakeTmp/CheckSymbolExists.c
Linking C executable cmTryCompileExec1637092696
/usr/bin/cmake -E cmake_link_script CMakeFiles/cmTryCompileExec1637092696.dir/link.txt --verbose=1
/usr/bin/cc       CMakeFiles/cmTryCompileExec1637092696.dir/CheckSymbolExists.c.o  -o cmTryCompileExec1637092696 -rdynamic 
make[1]: Leaving directory `/home/saodiseng/workspace/LineLidar/build/CMakeFiles/CMakeTmp'
CMakeFiles/cmTryCompileExec1637092696.dir/CheckSymbolExists.c.o: In function `main':
CheckSymbolExists.c:(.text+0x16): undefined reference to `pthread_create'
collect2: error: ld returned 1 exit status
make[1]: *** [cmTryCompileExec1637092696] Error 1
make: *** [cmTryCompileExec1637092696/fast] Error 2

File /home/saodiseng/workspace/LineLidar/build/CMakeFiles/CMakeTmp/CheckSymbolExists.c:
/* */
#include <pthread.h>

int main(int argc, char** argv)
{
  (void)argv;
#ifndef pthread_create
  return ((int*)(&pthread_create))[argc];
#else
  (void)argc;
  return 0;
#endif
}

Determining if the function pthread_create exists in the pthreads failed with the following output:
Change Dir: /home/saodiseng/workspace/LineLidar/build/CMakeFiles/CMakeTmp

Run Build Command:"/usr/bin/make" "cmTryCompileExec751358777/fast"
/usr/bin/make -f CMakeFiles/cmTryCompileExec751358777.dir/build.make CMakeFiles/cmTryCompileExec751358777.dir/build
make[1]: Entering directory `/home/saodiseng/workspace/LineLidar/build/CMakeFiles/CMakeTmp'
/usr/bin/cmake -E cmake_progress_report /home/saodiseng/workspace/LineLidar/build/CMakeFiles/CMakeTmp/CMakeFiles 1
Building C object CMakeFiles/cmTryCompileExec751358777.dir/CheckFunctionExists.c.o
/usr/bin/cc   -DCHECK_FUNCTION_EXISTS=pthread_create   -o CMakeFiles/cmTryCompileExec751358777.dir/CheckFunctionExists.c.o   -c /usr/share/cmake-3.2/Modules/CheckFunctionExists.c
Linking C executable cmTryCompileExec751358777
/usr/bin/cmake -E cmake_link_script CMakeFiles/cmTryCompileExec751358777.dir/link.txt --verbose=1
/usr/bin/cc   -DCHECK_FUNCTION_EXISTS=pthread_create    CMakeFiles/cmTryCompileExec751358777.dir/CheckFunctionExists.c.o  -o cmTryCompileExec751358777 -rdynamic -lpthreads 
/usr/bin/ld: cannot find -lpthreads
collect2: error: ld returned 1 exit status
make[1]: *** [cmTryCompileExec751358777] Error 1
make[1]: Leaving directory `/home/saodiseng/workspace/LineLidar/build/CMakeFiles/CMakeTmp'
make: *** [cmTryCompileExec751358777/fast] Error 2


Determining if the Q_WS_WIN exist failed with the following output:
Change Dir: /home/saodiseng/workspace/LineLidar/build/CMakeFiles/CMakeTmp

Run Build Command:"/usr/bin/make" "cmTryCompileExec2870275393/fast"
/usr/bin/make -f CMakeFiles/cmTryCompileExec2870275393.dir/build.make CMakeFiles/cmTryCompileExec2870275393.dir/build
make[1]: Entering directory `/home/saodiseng/workspace/LineLidar/build/CMakeFiles/CMakeTmp'
/usr/bin/cmake -E cmake_progress_report /home/saodiseng/workspace/LineLidar/build/CMakeFiles/CMakeTmp/CMakeFiles 1
Building CXX object CMakeFiles/cmTryCompileExec2870275393.dir/CheckSymbolExists.cxx.o
/usr/bin/c++    -I/usr/include/qt4    -o CMakeFiles/cmTryCompileExec2870275393.dir/CheckSymbolExists.cxx.o -c /home/saodiseng/workspace/LineLidar/build/CMakeFiles/CMakeTmp/CheckSymbolExists.cxx
/home/saodiseng/workspace/LineLidar/build/CMakeFiles/CMakeTmp/CheckSymbolExists.cxx: In function ‘int main(int, char**)’:
/home/saodiseng/workspace/LineLidar/build/CMakeFiles/CMakeTmp/CheckSymbolExists.cxx:8:19: error: ‘Q_WS_WIN’ was not declared in this scope
   return ((int*)(&Q_WS_WIN))[argc];
                   ^
make[1]: Leaving directory `/home/saodiseng/workspace/LineLidar/build/CMakeFiles/CMakeTmp'
make[1]: *** [CMakeFiles/cmTryCompileExec2870275393.dir/CheckSymbolExists.cxx.o] Error 1
make: *** [cmTryCompileExec2870275393/fast] Error 2

File /home/saodiseng/workspace/LineLidar/build/CMakeFiles/CMakeTmp/CheckSymbolExists.cxx:
/* */
#include <QtCore/qglobal.h>

int main(int argc, char** argv)
{
  (void)argv;
#ifndef Q_WS_WIN
  return ((int*)(&Q_WS_WIN))[argc];
#else
  (void)argc;
  return 0;
#endif
}

Determining if the Q_WS_QWS exist failed with the following output:
Change Dir: /home/saodiseng/workspace/LineLidar/build/CMakeFiles/CMakeTmp

Run Build Command:"/usr/bin/make" "cmTryCompileExec3500691742/fast"
/usr/bin/make -f CMakeFiles/cmTryCompileExec3500691742.dir/build.make CMakeFiles/cmTryCompileExec3500691742.dir/build
make[1]: Entering directory `/home/saodiseng/workspace/LineLidar/build/CMakeFiles/CMakeTmp'
/usr/bin/cmake -E cmake_progress_report /home/saodiseng/workspace/LineLidar/build/CMakeFiles/CMakeTmp/CMakeFiles 1
Building CXX object CMakeFiles/cmTryCompileExec3500691742.dir/CheckSymbolExists.cxx.o
/usr/bin/c++    -I/usr/include/qt4    -o CMakeFiles/cmTryCompileExec3500691742.dir/CheckSymbolExists.cxx.o -c /home/saodiseng/workspace/LineLidar/build/CMakeFiles/CMakeTmp/CheckSymbolExists.cxx
/home/saodiseng/workspace/LineLidar/build/CMakeFiles/CMakeTmp/CheckSymbolExists.cxx: In function ‘int main(int, char**)’:
/home/saodiseng/workspace/LineLidar/build/CMakeFiles/CMakeTmp/CheckSymbolExists.cxx:8:19: error: ‘Q_WS_QWS’ was not declared in this scope
   return ((int*)(&Q_WS_QWS))[argc];
                   ^
make[1]: *** [CMakeFiles/cmTryCompileExec3500691742.dir/CheckSymbolExists.cxx.o] Error 1
make[1]: Leaving directory `/home/saodiseng/workspace/LineLidar/build/CMakeFiles/CMakeTmp'
make: *** [cmTryCompileExec3500691742/fast] Error 2

File /home/saodiseng/workspace/LineLidar/build/CMakeFiles/CMakeTmp/CheckSymbolExists.cxx:
/* */
#include <QtCore/qglobal.h>

int main(int argc, char** argv)
{
  (void)argv;
#ifndef Q_WS_QWS
  return ((int*)(&Q_WS_QWS))[argc];
#else
  (void)argc;
  return 0;
#endif
}

Determining if the Q_WS_MAC exist failed with the following output:
Change Dir: /home/saodiseng/workspace/LineLidar/build/CMakeFiles/CMakeTmp

Run Build Command:"/usr/bin/make" "cmTryCompileExec4128491787/fast"
/usr/bin/make -f CMakeFiles/cmTryCompileExec4128491787.dir/build.make CMakeFiles/cmTryCompileExec4128491787.dir/build
make[1]: Entering directory `/home/saodiseng/workspace/LineLidar/build/CMakeFiles/CMakeTmp'
/usr/bin/cmake -E cmake_progress_report /home/saodiseng/workspace/LineLidar/build/CMakeFiles/CMakeTmp/CMakeFiles 1
Building CXX object CMakeFiles/cmTryCompileExec4128491787.dir/CheckSymbolExists.cxx.o
/usr/bin/c++    -I/usr/include/qt4    -o CMakeFiles/cmTryCompileExec4128491787.dir/CheckSymbolExists.cxx.o -c /home/saodiseng/workspace/LineLidar/build/CMakeFiles/CMakeTmp/CheckSymbolExists.cxx
/home/saodiseng/workspace/LineLidar/build/CMakeFiles/CMakeTmp/CheckSymbolExists.cxx: In function ‘int main(int, char**)’:
/home/saodiseng/workspace/LineLidar/build/CMakeFiles/CMakeTmp/CheckSymbolExists.cxx:8:19: error: ‘Q_WS_MAC’ was not declared in this scope
   return ((int*)(&Q_WS_MAC))[argc];
                   ^
make[1]: Leaving directory `/home/saodiseng/workspace/LineLidar/build/CMakeFiles/CMakeTmp'
make[1]: *** [CMakeFiles/cmTryCompileExec4128491787.dir/CheckSymbolExists.cxx.o] Error 1
make: *** [cmTryCompileExec4128491787/fast] Error 2

File /home/saodiseng/workspace/LineLidar/build/CMakeFiles/CMakeTmp/CheckSymbolExists.cxx:
/* */
#include <QtCore/qglobal.h>

int main(int argc, char** argv)
{
  (void)argv;
#ifndef Q_WS_MAC
  return ((int*)(&Q_WS_MAC))[argc];
#else
  (void)argc;
  return 0;
#endif
}

